<?xml version="1.0" encoding="UTF-8"?>
<robot generator="Robot 7.2.2 (Python 3.13.2 on win32)" generated="2025-02-14T08:09:31.906886" rpa="false" schemaversion="5">
<suite id="s1" name="Cep Test" source="C:\Users\saulo\projects\NT-challenge-UI\desafio_2\tests\cep_test.robot">
<test id="s1-t1" name="CEP Válido - Deve Retornar Dados Corretos" line="8">
<kw name="GET" owner="services">
<kw name="Create Session" owner="RequestsLibrary">
<msg time="2025-02-14T08:09:32.467744" level="INFO">Creating Session using : alias=ViaCEP, url=https://viacep.com.br/ws/50030240/json/, headers={},                     cookies={}, auth=None, timeout=None, proxies=None, verify=False,                     debug=0 </msg>
<msg time="2025-02-14T08:09:32.467971" level="INFO">${session} = &lt;requests.sessions.Session object at 0x0000025B3CD774D0&gt;</msg>
<var>${session}</var>
<arg>ViaCEP</arg>
<arg>${url}</arg>
<doc>Create Session: create a HTTP session to a server</doc>
<status status="PASS" start="2025-02-14T08:09:32.467584" elapsed="0.000420"/>
</kw>
<kw name="Get Request" owner="RequestsLibrary">
<msg time="2025-02-14T08:09:32.468160" level="WARN">Keyword 'RequestsLibrary.Get Request' is deprecated. Please use `GET On Session` instead.</msg>
<msg time="2025-02-14T08:09:32.839268" level="INFO">GET Request : url=https://viacep.com.br/ws/50030240/json/ 
 path_url=/ws/50030240/json/ 
 headers={'User-Agent': 'python-requests/2.32.3', 'Accept-Encoding': 'gzip, deflate', 'Accept': '*/*', 'Connection': 'keep-alive'} 
 body=None 
 </msg>
<msg time="2025-02-14T08:09:32.839457" level="INFO">GET Response : url=https://viacep.com.br/ws/50030240/json/ 
 status=200, reason=OK 
 headers={'Server': 'nginx/1.22.0', 'Date': 'Fri, 14 Feb 2025 11:09:30 GMT', 'Content-Type': 'application/json; charset=utf-8', 'Transfer-Encoding': 'chunked', 'Connection': 'keep-alive', 'Expires': 'Fri, 14 Feb 2025 12:09:30 GMT', 'Cache-Control': 'max-age=3600, public', 'Pragma': 'public', 'Access-Control-Allow-Origin': '*', 'Access-Control-Allow-Methods': 'GET', 'Access-Control-Allow-Headers': 'Content-Type, X-Request-With, X-Requested-By', 'Access-Control-Allow-Credentials': 'true', 'Access-Control-Max-Age': '86400'} 
 body={
  "cep": "50030-240",
  "logradouro": "Rua de São Jorge",
  "complemento": "",
  "unidade": "",
  "bairro": "Recife",
  "localidade": "Recife",
  "uf": "PE",
  "estado": "Pernambuco",
  "regiao": "Nordeste",
  "ibge": "2611606",
  "gia": "",
  "ddd": "81",
  "siafi": "2531"
} 
 </msg>
<msg time="2025-02-14T08:09:32.839604" level="INFO">C:\Users\saulo\AppData\Local\Programs\Python\Python313\Lib\site-packages\urllib3\connectionpool.py:1097: InsecureRequestWarning: Unverified HTTPS request is being made to host 'viacep.com.br'. Adding certificate verification is strongly advised. See: https://urllib3.readthedocs.io/en/latest/advanced-usage.html#tls-warnings
  warnings.warn(</msg>
<msg time="2025-02-14T08:09:32.839926" level="INFO">${response} = &lt;Response [200]&gt;</msg>
<var>${response}</var>
<arg>ViaCEP</arg>
<arg>/</arg>
<doc>*DEPRECATED* Please use `GET On Session` instead.</doc>
<status status="PASS" start="2025-02-14T08:09:32.468136" elapsed="0.371836"/>
</kw>
<return>
<value>${response}</value>
<status status="PASS" start="2025-02-14T08:09:32.840078" elapsed="0.000069"/>
</return>
<msg time="2025-02-14T08:09:32.840333" level="INFO">${response} = &lt;Response [200]&gt;</msg>
<var>${response}</var>
<arg>${BASE_URL}/${VALID_CEP}/json/</arg>
<status status="PASS" start="2025-02-14T08:09:32.466956" elapsed="0.373407"/>
</kw>
<kw name="Get Data Fixture" owner="helpers">
<kw name="Load Json From File" owner="JSONLibrary">
<msg time="2025-02-14T08:09:32.841781" level="INFO">${fixture} = {'dados_cep_valido': {'cep': '50030-240', 'logradouro': 'Rua de São Jorge', 'complemento': '', 'unidade': '', 'bairro': 'Recife', 'localidade': 'Recife', 'uf': 'PE', 'estado': 'Pernambuco', 'regiao': ...</msg>
<var>${fixture}</var>
<arg>${EXECDIR}/desafio_2/resources/fixtures/cep_data.json</arg>
<arg>encoding=UTF-8</arg>
<doc>Load JSON from file.</doc>
<status status="PASS" start="2025-02-14T08:09:32.840954" elapsed="0.000859"/>
</kw>
<return>
<value>${fixture}</value>
<status status="PASS" start="2025-02-14T08:09:32.841868" elapsed="0.000045"/>
</return>
<msg time="2025-02-14T08:09:32.842040" level="INFO">${fixture_data} = {'dados_cep_valido': {'cep': '50030-240', 'logradouro': 'Rua de São Jorge', 'complemento': '', 'unidade': '', 'bairro': 'Recife', 'localidade': 'Recife', 'uf': 'PE', 'estado': 'Pernambuco', 'regiao': ...</msg>
<var>${fixture_data}</var>
<arg>fixture_data</arg>
<status status="PASS" start="2025-02-14T08:09:32.840668" elapsed="0.001397"/>
</kw>
<kw name="Status Should Be" owner="RequestsLibrary">
<arg>200</arg>
<doc>Fails if response status code is different than the expected.</doc>
<status status="PASS" start="2025-02-14T08:09:32.842417" elapsed="0.000159"/>
</kw>
<kw name="Should Be Equal As Strings" owner="BuiltIn">
<arg>${response.json()}</arg>
<arg>${fixture_data['dados_cep_valido']}</arg>
<doc>Fails if objects are unequal after converting them to strings.</doc>
<status status="PASS" start="2025-02-14T08:09:32.842921" elapsed="0.001091"/>
</kw>
<doc>Testa um CEP válido e verifica os dados retornados.</doc>
<status status="PASS" start="2025-02-14T08:09:32.466034" elapsed="0.378168"/>
</test>
<test id="s1-t2" name="CEP Inválido - Deve Retornar CEP Não Encontrado" line="15">
<kw name="GET" owner="services">
<kw name="Create Session" owner="RequestsLibrary">
<msg time="2025-02-14T08:09:32.845782" level="INFO">Creating Session using : alias=ViaCEP, url=https://viacep.com.br/ws/50000000/json/, headers={},                     cookies={}, auth=None, timeout=None, proxies=None, verify=False,                     debug=0 </msg>
<msg time="2025-02-14T08:09:32.845955" level="INFO">${session} = &lt;requests.sessions.Session object at 0x0000025B3CF00550&gt;</msg>
<var>${session}</var>
<arg>ViaCEP</arg>
<arg>${url}</arg>
<doc>Create Session: create a HTTP session to a server</doc>
<status status="PASS" start="2025-02-14T08:09:32.845662" elapsed="0.000318"/>
</kw>
<kw name="Get Request" owner="RequestsLibrary">
<msg time="2025-02-14T08:09:32.846106" level="WARN">Keyword 'RequestsLibrary.Get Request' is deprecated. Please use `GET On Session` instead.</msg>
<msg time="2025-02-14T08:09:33.243759" level="INFO">GET Request : url=https://viacep.com.br/ws/50000000/json/ 
 path_url=/ws/50000000/json/ 
 headers={'User-Agent': 'python-requests/2.32.3', 'Accept-Encoding': 'gzip, deflate', 'Accept': '*/*', 'Connection': 'keep-alive'} 
 body=None 
 </msg>
<msg time="2025-02-14T08:09:33.243866" level="INFO">GET Response : url=https://viacep.com.br/ws/50000000/json/ 
 status=200, reason=OK 
 headers={'Server': 'nginx/1.22.0', 'Date': 'Fri, 14 Feb 2025 11:09:31 GMT', 'Content-Type': 'application/json; charset=utf-8', 'Transfer-Encoding': 'chunked', 'Connection': 'keep-alive', 'Access-Control-Allow-Origin': '*', 'Access-Control-Allow-Methods': 'GET', 'Access-Control-Allow-Headers': 'Content-Type, X-Request-With, X-Requested-By', 'Access-Control-Allow-Credentials': 'true', 'Access-Control-Max-Age': '86400', 'Strict-Transport-Security': 'max-age=63072000'} 
 body={
  "erro": "true"
} 
 </msg>
<msg time="2025-02-14T08:09:33.243933" level="INFO">C:\Users\saulo\AppData\Local\Programs\Python\Python313\Lib\site-packages\urllib3\connectionpool.py:1097: InsecureRequestWarning: Unverified HTTPS request is being made to host 'viacep.com.br'. Adding certificate verification is strongly advised. See: https://urllib3.readthedocs.io/en/latest/advanced-usage.html#tls-warnings
  warnings.warn(</msg>
<msg time="2025-02-14T08:09:33.244234" level="INFO">${response} = &lt;Response [200]&gt;</msg>
<var>${response}</var>
<arg>ViaCEP</arg>
<arg>/</arg>
<doc>*DEPRECATED* Please use `GET On Session` instead.</doc>
<status status="PASS" start="2025-02-14T08:09:32.846083" elapsed="0.398198"/>
</kw>
<return>
<value>${response}</value>
<status status="PASS" start="2025-02-14T08:09:33.244388" elapsed="0.000062"/>
</return>
<msg time="2025-02-14T08:09:33.244921" level="INFO">${response} = &lt;Response [200]&gt;</msg>
<var>${response}</var>
<arg>${BASE_URL}/${INVALID_CEP}/json/</arg>
<status status="PASS" start="2025-02-14T08:09:32.845297" elapsed="0.399670"/>
</kw>
<kw name="Status Should Be" owner="RequestsLibrary">
<arg>200</arg>
<doc>Fails if response status code is different than the expected.</doc>
<status status="PASS" start="2025-02-14T08:09:33.245254" elapsed="0.000150"/>
</kw>
<kw name="Should Be Equal As Strings" owner="BuiltIn">
<arg>${response.json()['erro']}</arg>
<arg>true</arg>
<doc>Fails if objects are unequal after converting them to strings.</doc>
<status status="PASS" start="2025-02-14T08:09:33.245630" elapsed="0.000535"/>
</kw>
<doc>Testa um CEP inexistente e valida a mensagem de erro.</doc>
<status status="PASS" start="2025-02-14T08:09:32.844652" elapsed="0.401707"/>
</test>
<test id="s1-t3" name="Formato Incorreto CEP Curto - Deve Retornar Erro" line="21">
<kw name="GET" owner="services">
<kw name="Create Session" owner="RequestsLibrary">
<msg time="2025-02-14T08:09:33.247832" level="INFO">Creating Session using : alias=ViaCEP, url=https://viacep.com.br/ws/123/json/, headers={},                     cookies={}, auth=None, timeout=None, proxies=None, verify=False,                     debug=0 </msg>
<msg time="2025-02-14T08:09:33.248029" level="INFO">${session} = &lt;requests.sessions.Session object at 0x0000025B3CF011D0&gt;</msg>
<var>${session}</var>
<arg>ViaCEP</arg>
<arg>${url}</arg>
<doc>Create Session: create a HTTP session to a server</doc>
<status status="PASS" start="2025-02-14T08:09:33.247526" elapsed="0.000532"/>
</kw>
<kw name="Get Request" owner="RequestsLibrary">
<msg time="2025-02-14T08:09:33.248197" level="WARN">Keyword 'RequestsLibrary.Get Request' is deprecated. Please use `GET On Session` instead.</msg>
<msg time="2025-02-14T08:09:33.618826" level="INFO">GET Request : url=https://viacep.com.br/ws/123/json/ 
 path_url=/ws/123/json/ 
 headers={'User-Agent': 'python-requests/2.32.3', 'Accept-Encoding': 'gzip, deflate', 'Accept': '*/*', 'Connection': 'keep-alive'} 
 body=None 
 </msg>
<msg time="2025-02-14T08:09:33.618945" level="INFO">GET Response : url=https://viacep.com.br/ws/123/json/ 
 status=400, reason=Bad Request 
 headers={'Server': 'nginx/1.22.0', 'Date': 'Fri, 14 Feb 2025 11:09:31 GMT', 'Content-Type': 'text/html; charset=utf-8', 'Content-Length': '494', 'Connection': 'close', 'ETag': '"6242f812-1ee"', 'Strict-Transport-Security': 'max-age=63072000'} 
 body=&lt;!DOCTYPE HTML&gt;
&lt;html lang="pt-br"&gt;

&lt;head&gt;
  &lt;title&gt;ViaCEP 400&lt;/title&gt;
  &lt;meta charset="utf-8" /&gt;
  &lt;style type="text/css"&gt;
      h1 {
          color: #555;
          text-align: center;
          font-size: 4em;
      }
      h2, h3 {
          color: #666;
          text-align: center;
          font-size: 3em;
      }
      h3 {
          font-size: 1.5em;
      }
  &lt;/style&gt;
&lt;/head&gt;

&lt;body&gt;
    &lt;h1&gt;Http 400&lt;/h1&gt;
    &lt;h3&gt;Verifique a URL&lt;/h3&gt;
    &lt;h3&gt;{Bad Request}&lt;/h3&gt;
&lt;/body&gt;

&lt;/html&gt;
 
 </msg>
<msg time="2025-02-14T08:09:33.619065" level="INFO">C:\Users\saulo\AppData\Local\Programs\Python\Python313\Lib\site-packages\urllib3\connectionpool.py:1097: InsecureRequestWarning: Unverified HTTPS request is being made to host 'viacep.com.br'. Adding certificate verification is strongly advised. See: https://urllib3.readthedocs.io/en/latest/advanced-usage.html#tls-warnings
  warnings.warn(</msg>
<msg time="2025-02-14T08:09:33.619350" level="INFO">${response} = &lt;Response [400]&gt;</msg>
<var>${response}</var>
<arg>ViaCEP</arg>
<arg>/</arg>
<doc>*DEPRECATED* Please use `GET On Session` instead.</doc>
<status status="PASS" start="2025-02-14T08:09:33.248172" elapsed="0.371216"/>
</kw>
<return>
<value>${response}</value>
<status status="PASS" start="2025-02-14T08:09:33.619465" elapsed="0.000045"/>
</return>
<msg time="2025-02-14T08:09:33.619673" level="INFO">${response} = &lt;Response [400]&gt;</msg>
<var>${response}</var>
<arg>${BASE_URL}/${INVALID_FORMAT_CEP_SHORT}/json/</arg>
<status status="PASS" start="2025-02-14T08:09:33.247212" elapsed="0.372487"/>
</kw>
<kw name="Status Should Be" owner="RequestsLibrary">
<arg>400</arg>
<doc>Fails if response status code is different than the expected.</doc>
<status status="PASS" start="2025-02-14T08:09:33.619944" elapsed="0.000147"/>
</kw>
<doc>Testa um CEP curto inválido.</doc>
<status status="PASS" start="2025-02-14T08:09:33.246768" elapsed="0.373513"/>
</test>
<test id="s1-t4" name="Formato Incorreto CEP Longo - Deve Retornar Erro" line="26">
<kw name="GET" owner="services">
<kw name="Create Session" owner="RequestsLibrary">
<msg time="2025-02-14T08:09:33.621441" level="INFO">Creating Session using : alias=ViaCEP, url=https://viacep.com.br/ws/12345678/json/, headers={},                     cookies={}, auth=None, timeout=None, proxies=None, verify=False,                     debug=0 </msg>
<msg time="2025-02-14T08:09:33.621602" level="INFO">${session} = &lt;requests.sessions.Session object at 0x0000025B3CEEFE10&gt;</msg>
<var>${session}</var>
<arg>ViaCEP</arg>
<arg>${url}</arg>
<doc>Create Session: create a HTTP session to a server</doc>
<status status="PASS" start="2025-02-14T08:09:33.621325" elapsed="0.000301"/>
</kw>
<kw name="Get Request" owner="RequestsLibrary">
<msg time="2025-02-14T08:09:33.621739" level="WARN">Keyword 'RequestsLibrary.Get Request' is deprecated. Please use `GET On Session` instead.</msg>
<msg time="2025-02-14T08:09:33.965015" level="INFO">GET Request : url=https://viacep.com.br/ws/12345678/json/ 
 path_url=/ws/12345678/json/ 
 headers={'User-Agent': 'python-requests/2.32.3', 'Accept-Encoding': 'gzip, deflate', 'Accept': '*/*', 'Connection': 'keep-alive'} 
 body=None 
 </msg>
<msg time="2025-02-14T08:09:33.965151" level="INFO">GET Response : url=https://viacep.com.br/ws/12345678/json/ 
 status=200, reason=OK 
 headers={'Server': 'nginx/1.22.0', 'Date': 'Fri, 14 Feb 2025 11:09:32 GMT', 'Content-Type': 'application/json; charset=utf-8', 'Transfer-Encoding': 'chunked', 'Connection': 'keep-alive', 'Access-Control-Allow-Origin': '*', 'Access-Control-Allow-Methods': 'GET', 'Access-Control-Allow-Headers': 'Content-Type, X-Request-With, X-Requested-By', 'Access-Control-Allow-Credentials': 'true', 'Access-Control-Max-Age': '86400', 'Strict-Transport-Security': 'max-age=63072000'} 
 body={
  "erro": "true"
} 
 </msg>
<msg time="2025-02-14T08:09:33.965242" level="INFO">C:\Users\saulo\AppData\Local\Programs\Python\Python313\Lib\site-packages\urllib3\connectionpool.py:1097: InsecureRequestWarning: Unverified HTTPS request is being made to host 'viacep.com.br'. Adding certificate verification is strongly advised. See: https://urllib3.readthedocs.io/en/latest/advanced-usage.html#tls-warnings
  warnings.warn(</msg>
<msg time="2025-02-14T08:09:33.965593" level="INFO">${response} = &lt;Response [200]&gt;</msg>
<var>${response}</var>
<arg>ViaCEP</arg>
<arg>/</arg>
<doc>*DEPRECATED* Please use `GET On Session` instead.</doc>
<status status="PASS" start="2025-02-14T08:09:33.621720" elapsed="0.343914"/>
</kw>
<return>
<value>${response}</value>
<status status="PASS" start="2025-02-14T08:09:33.965738" elapsed="0.000063"/>
</return>
<msg time="2025-02-14T08:09:33.966022" level="INFO">${response} = &lt;Response [200]&gt;</msg>
<var>${response}</var>
<arg>${BASE_URL}/${INVALID_FORMAT_CEP_LONG}/json/</arg>
<status status="PASS" start="2025-02-14T08:09:33.621027" elapsed="0.345042"/>
</kw>
<kw name="Status Should Be" owner="RequestsLibrary">
<arg>200</arg>
<doc>Fails if response status code is different than the expected.</doc>
<status status="PASS" start="2025-02-14T08:09:33.966393" elapsed="0.000211"/>
</kw>
<kw name="Should Be Equal As Strings" owner="BuiltIn">
<arg>${response.json()['erro']}</arg>
<arg>true</arg>
<doc>Fails if objects are unequal after converting them to strings.</doc>
<status status="PASS" start="2025-02-14T08:09:33.966855" elapsed="0.000569"/>
</kw>
<doc>Testa um CEP longo inválido.</doc>
<status status="PASS" start="2025-02-14T08:09:33.620627" elapsed="0.347144"/>
</test>
<test id="s1-t5" name="Caracteres Especiais - Deve Retornar Erro" line="32">
<kw name="GET" owner="services">
<kw name="Create Session" owner="RequestsLibrary">
<msg time="2025-02-14T08:09:33.969118" level="INFO">Creating Session using : alias=ViaCEP, url=https://viacep.com.br/ws/12@#000/json/, headers={},                     cookies={}, auth=None, timeout=None, proxies=None, verify=False,                     debug=0 </msg>
<msg time="2025-02-14T08:09:33.969299" level="INFO">${session} = &lt;requests.sessions.Session object at 0x0000025B3CF48C30&gt;</msg>
<var>${session}</var>
<arg>ViaCEP</arg>
<arg>${url}</arg>
<doc>Create Session: create a HTTP session to a server</doc>
<status status="PASS" start="2025-02-14T08:09:33.968978" elapsed="0.000350"/>
</kw>
<kw name="Get Request" owner="RequestsLibrary">
<msg time="2025-02-14T08:09:33.969459" level="WARN">Keyword 'RequestsLibrary.Get Request' is deprecated. Please use `GET On Session` instead.</msg>
<msg time="2025-02-14T08:09:34.306275" level="INFO">GET Request : url=https://viacep.com.br/ws/12@#000/json/ 
 path_url=/ws/12@ 
 headers={'User-Agent': 'python-requests/2.32.3', 'Accept-Encoding': 'gzip, deflate', 'Accept': '*/*', 'Connection': 'keep-alive'} 
 body=None 
 </msg>
<msg time="2025-02-14T08:09:34.306372" level="INFO">GET Response : url=https://viacep.com.br/ws/12@#000/json/ 
 status=400, reason=Bad Request 
 headers={'Server': 'nginx/1.22.0', 'Date': 'Fri, 14 Feb 2025 11:09:32 GMT', 'Content-Type': 'text/html; charset=utf-8', 'Content-Length': '494', 'Connection': 'close', 'ETag': '"6242f812-1ee"', 'Strict-Transport-Security': 'max-age=63072000'} 
 body=&lt;!DOCTYPE HTML&gt;
&lt;html lang="pt-br"&gt;

&lt;head&gt;
  &lt;title&gt;ViaCEP 400&lt;/title&gt;
  &lt;meta charset="utf-8" /&gt;
  &lt;style type="text/css"&gt;
      h1 {
          color: #555;
          text-align: center;
          font-size: 4em;
      }
      h2, h3 {
          color: #666;
          text-align: center;
          font-size: 3em;
      }
      h3 {
          font-size: 1.5em;
      }
  &lt;/style&gt;
&lt;/head&gt;

&lt;body&gt;
    &lt;h1&gt;Http 400&lt;/h1&gt;
    &lt;h3&gt;Verifique a URL&lt;/h3&gt;
    &lt;h3&gt;{Bad Request}&lt;/h3&gt;
&lt;/body&gt;

&lt;/html&gt;
 
 </msg>
<msg time="2025-02-14T08:09:34.306438" level="INFO">C:\Users\saulo\AppData\Local\Programs\Python\Python313\Lib\site-packages\urllib3\connectionpool.py:1097: InsecureRequestWarning: Unverified HTTPS request is being made to host 'viacep.com.br'. Adding certificate verification is strongly advised. See: https://urllib3.readthedocs.io/en/latest/advanced-usage.html#tls-warnings
  warnings.warn(</msg>
<msg time="2025-02-14T08:09:34.306696" level="INFO">${response} = &lt;Response [400]&gt;</msg>
<var>${response}</var>
<arg>ViaCEP</arg>
<arg>/</arg>
<doc>*DEPRECATED* Please use `GET On Session` instead.</doc>
<status status="PASS" start="2025-02-14T08:09:33.969435" elapsed="0.337297"/>
</kw>
<return>
<value>${response}</value>
<status status="PASS" start="2025-02-14T08:09:34.306807" elapsed="0.000045"/>
</return>
<msg time="2025-02-14T08:09:34.306980" level="INFO">${response} = &lt;Response [400]&gt;</msg>
<var>${response}</var>
<arg>${BASE_URL}/${SPECIAL_CHAR_CEP}/json/</arg>
<status status="PASS" start="2025-02-14T08:09:33.968667" elapsed="0.338335"/>
</kw>
<kw name="Status Should Be" owner="RequestsLibrary">
<arg>400</arg>
<doc>Fails if response status code is different than the expected.</doc>
<status status="PASS" start="2025-02-14T08:09:34.307233" elapsed="0.000122"/>
</kw>
<doc>Testa um CEP com caracteres especiais.</doc>
<status status="PASS" start="2025-02-14T08:09:33.968222" elapsed="0.339281"/>
</test>
<status status="PASS" start="2025-02-14T08:09:31.908357" elapsed="2.399691"/>
</suite>
<statistics>
<total>
<stat pass="5" fail="0" skip="0">All Tests</stat>
</total>
<tag>
</tag>
<suite>
<stat name="Cep Test" id="s1" pass="5" fail="0" skip="0">Cep Test</stat>
</suite>
</statistics>
<errors>
<msg time="2025-02-14T08:09:32.371878" level="WARN">Error in file 'C:\Users\saulo\projects\NT-challenge-UI\desafio_2\resources\services.resource' on line 13: The '[Return]' setting is deprecated. Use the 'RETURN' statement instead.</msg>
<msg time="2025-02-14T08:09:32.468160" level="WARN">Keyword 'RequestsLibrary.Get Request' is deprecated. Please use `GET On Session` instead.</msg>
<msg time="2025-02-14T08:09:32.846106" level="WARN">Keyword 'RequestsLibrary.Get Request' is deprecated. Please use `GET On Session` instead.</msg>
<msg time="2025-02-14T08:09:33.248197" level="WARN">Keyword 'RequestsLibrary.Get Request' is deprecated. Please use `GET On Session` instead.</msg>
<msg time="2025-02-14T08:09:33.621739" level="WARN">Keyword 'RequestsLibrary.Get Request' is deprecated. Please use `GET On Session` instead.</msg>
<msg time="2025-02-14T08:09:33.969459" level="WARN">Keyword 'RequestsLibrary.Get Request' is deprecated. Please use `GET On Session` instead.</msg>
</errors>
</robot>
